<?xml version="1.0" encoding="UTF-8"?>
<robot generator="Robot 3.1.2 (Python 3.8.1 on win32)" generated="20200305 12:48:59.865" rpa="false">
<suite id="s1" name="Test" source="C:\Users\cristian.diaconu\PycharmProjects\FirstRobotFramework\tests\test.robot">
<test id="s1-t1" name="User must sign in to checkout">
<kw name="Begin Web Test" library="Common" type="setup">
<kw name="Open Browser" library="SeleniumLibrary">
<doc>Opens a new browser instance to the given ``url``.</doc>
<arguments>
<arg>about:blank</arg>
<arg>${BROWSER}</arg>
</arguments>
<msg timestamp="20200305 12:49:00.053" level="INFO">Opening browser 'chrome' to base url 'about:blank'.</msg>
<status status="PASS" starttime="20200305 12:49:00.053" endtime="20200305 12:49:04.118"></status>
</kw>
<status status="PASS" starttime="20200305 12:49:00.053" endtime="20200305 12:49:04.118"></status>
</kw>
<kw name="Search for Products" library="Amazon">
<kw name="Load" library="LandingPage">
<kw name="Go To" library="SeleniumLibrary">
<doc>Navigates the active browser instance to the provided ``url``.</doc>
<arguments>
<arg>${URL}</arg>
</arguments>
<msg timestamp="20200305 12:49:04.119" level="INFO">Opening url 'http://www.amazon.com'</msg>
<status status="PASS" starttime="20200305 12:49:04.119" endtime="20200305 12:49:10.161"></status>
</kw>
<kw name="Maximize Browser Window" library="SeleniumLibrary">
<doc>Maximizes current browser window.</doc>
<status status="PASS" starttime="20200305 12:49:10.161" endtime="20200305 12:49:12.537"></status>
</kw>
<status status="PASS" starttime="20200305 12:49:04.119" endtime="20200305 12:49:12.537"></status>
</kw>
<kw name="Verify Page Loaded" library="LandingPage">
<kw name="Wait Until Page Contains" library="SeleniumLibrary">
<doc>Waits until ``text`` appears on current page.</doc>
<arguments>
<arg>Your Amazon.com</arg>
</arguments>
<status status="PASS" starttime="20200305 12:49:12.537" endtime="20200305 12:49:13.264"></status>
</kw>
<status status="PASS" starttime="20200305 12:49:12.537" endtime="20200305 12:49:13.264"></status>
</kw>
<kw name="Search for Products" library="TopNav">
<kw name="Input Text" library="SeleniumLibrary">
<doc>Types the given ``text`` into text field identified by ``locator``.</doc>
<arguments>
<arg>id=twotabsearchtextbox</arg>
<arg>${SEARCH_TERM}</arg>
</arguments>
<msg timestamp="20200305 12:49:13.265" level="INFO">Typing text 'Ferrari 458' into text field 'id=twotabsearchtextbox'.</msg>
<status status="PASS" starttime="20200305 12:49:13.265" endtime="20200305 12:49:23.658"></status>
</kw>
<kw name="Click Button" library="SeleniumLibrary">
<doc>Clicks button identified by ``locator``.</doc>
<arguments>
<arg>xpath=//div[@class='nav-search-submit nav-sprite']//input[@class='nav-input']</arg>
</arguments>
<msg timestamp="20200305 12:49:23.658" level="INFO">Clicking button 'xpath=//div[@class='nav-search-submit nav-sprite']//input[@class='nav-input']'.</msg>
<status status="PASS" starttime="20200305 12:49:23.658" endtime="20200305 12:49:39.215"></status>
</kw>
<status status="PASS" starttime="20200305 12:49:13.264" endtime="20200305 12:49:39.215"></status>
</kw>
<kw name="Verify Search Completed" library="SearchResults">
<kw name="Wait Until Page Contains" library="SeleniumLibrary">
<doc>Waits until ``text`` appears on current page.</doc>
<arguments>
<arg>results for "${SEARCH_TERM}"</arg>
</arguments>
<status status="PASS" starttime="20200305 12:49:39.216" endtime="20200305 12:49:39.234"></status>
</kw>
<status status="PASS" starttime="20200305 12:49:39.216" endtime="20200305 12:49:39.235"></status>
</kw>
<status status="PASS" starttime="20200305 12:49:04.118" endtime="20200305 12:49:39.235"></status>
</kw>
<kw name="Select Product from Search Results" library="Amazon">
<kw name="Click Product link" library="SearchResults">
<kw name="Click Element" library="SeleniumLibrary">
<doc>Click element identified by ``locator``.</doc>
<arguments>
<arg>xpath=//span[contains(text(),'RASTAR Ferrari Remote Control Car, 1/24 Scale Ferr')]</arg>
</arguments>
<msg timestamp="20200305 12:49:39.236" level="INFO">Clicking element 'xpath=//span[contains(text(),'RASTAR Ferrari Remote Control Car, 1/24 Scale Ferr')]'.</msg>
<kw name="Capture Page Screenshot" library="SeleniumLibrary">
<doc>Takes screenshot of the current page and embeds it into log file.</doc>
<msg timestamp="20200305 12:49:39.501" level="INFO" html="yes">&lt;/td&gt;&lt;/tr&gt;&lt;tr&gt;&lt;td colspan="3"&gt;&lt;a href="selenium-screenshot-3.png"&gt;&lt;img src="selenium-screenshot-3.png" width="800px"&gt;&lt;/a&gt;</msg>
<status status="PASS" starttime="20200305 12:49:39.248" endtime="20200305 12:49:39.501"></status>
</kw>
<msg timestamp="20200305 12:49:39.505" level="FAIL">Element with locator 'xpath=//span[contains(text(),'RASTAR Ferrari Remote Control Car, 1/24 Scale Ferr')]' not found.</msg>
<status status="FAIL" starttime="20200305 12:49:39.236" endtime="20200305 12:49:39.505"></status>
</kw>
<status status="FAIL" starttime="20200305 12:49:39.236" endtime="20200305 12:49:39.505"></status>
</kw>
<status status="FAIL" starttime="20200305 12:49:39.235" endtime="20200305 12:49:39.506"></status>
</kw>
<kw name="End Web Test" library="Common" type="teardown">
<kw name="Close Browser" library="SeleniumLibrary">
<doc>Closes the current browser.</doc>
<status status="PASS" starttime="20200305 12:49:39.507" endtime="20200305 12:49:41.611"></status>
</kw>
<status status="PASS" starttime="20200305 12:49:39.506" endtime="20200305 12:49:41.612"></status>
</kw>
<tags>
<tag>Smoke</tag>
</tags>
<status status="FAIL" starttime="20200305 12:49:00.052" endtime="20200305 12:49:41.612" critical="yes">Element with locator 'xpath=//span[contains(text(),'RASTAR Ferrari Remote Control Car, 1/24 Scale Ferr')]' not found.</status>
</test>
<status status="FAIL" starttime="20200305 12:48:59.867" endtime="20200305 12:49:41.614"></status>
</suite>
<statistics>
<total>
<stat pass="0" fail="1">Critical Tests</stat>
<stat pass="0" fail="1">All Tests</stat>
</total>
<tag>
<stat pass="0" fail="1">Smoke</stat>
</tag>
<suite>
<stat pass="0" fail="1" id="s1" name="Test">Test</stat>
</suite>
</statistics>
<errors>
</errors>
</robot>
