<?xml version="1.0" encoding="UTF-8"?>
<robot generator="Robot 3.1.2 (Python 3.8.1 on win32)" generated="20200305 13:05:13.366" rpa="false">
<suite id="s1" name="Test" source="C:\Users\cristian.diaconu\PycharmProjects\FirstRobotFramework\tests\test.robot">
<test id="s1-t1" name="User must sign in to checkout">
<kw name="Begin Web Test" library="Common" type="setup">
<kw name="Open Browser" library="SeleniumLibrary">
<doc>Opens a new browser instance to the given ``url``.</doc>
<arguments>
<arg>about:blank</arg>
<arg>${BROWSER}</arg>
</arguments>
<msg timestamp="20200305 13:05:13.572" level="INFO">Opening browser 'firefox' to base url 'about:blank'.</msg>
<status status="PASS" starttime="20200305 13:05:13.572" endtime="20200305 13:05:19.437"></status>
</kw>
<status status="PASS" starttime="20200305 13:05:13.572" endtime="20200305 13:05:19.438"></status>
</kw>
<kw name="Search for Products" library="Amazon">
<kw name="Load" library="LandingPage">
<kw name="Go To" library="SeleniumLibrary">
<doc>Navigates the active browser instance to the provided ``url``.</doc>
<arguments>
<arg>${URL}</arg>
</arguments>
<msg timestamp="20200305 13:05:19.439" level="INFO">Opening url 'http://www.amazon.com'</msg>
<status status="PASS" starttime="20200305 13:05:19.439" endtime="20200305 13:05:21.487"></status>
</kw>
<kw name="Maximize Browser Window" library="SeleniumLibrary">
<doc>Maximizes current browser window.</doc>
<status status="PASS" starttime="20200305 13:05:21.487" endtime="20200305 13:05:21.537"></status>
</kw>
<status status="PASS" starttime="20200305 13:05:19.439" endtime="20200305 13:05:21.537"></status>
</kw>
<kw name="Verify Page Loaded" library="LandingPage">
<kw name="Wait Until Page Contains" library="SeleniumLibrary">
<doc>Waits until ``text`` appears on current page.</doc>
<arguments>
<arg>Your Amazon.com</arg>
</arguments>
<status status="PASS" starttime="20200305 13:05:21.538" endtime="20200305 13:05:21.612"></status>
</kw>
<status status="PASS" starttime="20200305 13:05:21.537" endtime="20200305 13:05:21.613"></status>
</kw>
<kw name="Search for Products" library="TopNav">
<kw name="Input Text" library="SeleniumLibrary">
<doc>Types the given ``text`` into text field identified by ``locator``.</doc>
<arguments>
<arg>id=twotabsearchtextbox</arg>
<arg>${SEARCH_TERM}</arg>
</arguments>
<msg timestamp="20200305 13:05:21.614" level="INFO">Typing text 'Ferrari 458' into text field 'id=twotabsearchtextbox'.</msg>
<status status="PASS" starttime="20200305 13:05:21.614" endtime="20200305 13:05:21.897"></status>
</kw>
<kw name="Click Button" library="SeleniumLibrary">
<doc>Clicks button identified by ``locator``.</doc>
<arguments>
<arg>xpath=//div[@class='nav-search-submit nav-sprite']//input[@class='nav-input']</arg>
</arguments>
<msg timestamp="20200305 13:05:21.897" level="INFO">Clicking button 'xpath=//div[@class='nav-search-submit nav-sprite']//input[@class='nav-input']'.</msg>
<status status="PASS" starttime="20200305 13:05:21.897" endtime="20200305 13:05:25.646"></status>
</kw>
<status status="PASS" starttime="20200305 13:05:21.613" endtime="20200305 13:05:25.647"></status>
</kw>
<kw name="Verify Search Completed" library="SearchResults">
<kw name="Wait Until Page Contains" library="SeleniumLibrary">
<doc>Waits until ``text`` appears on current page.</doc>
<arguments>
<arg>results for "${SEARCH_TERM}"</arg>
</arguments>
<status status="PASS" starttime="20200305 13:05:25.647" endtime="20200305 13:05:25.688"></status>
</kw>
<kw name="Sleep" library="BuiltIn">
<doc>Pauses the test executed for the given time.</doc>
<arguments>
<arg>1s</arg>
</arguments>
<msg timestamp="20200305 13:05:26.689" level="INFO">Slept 1 second</msg>
<status status="PASS" starttime="20200305 13:05:25.688" endtime="20200305 13:05:26.689"></status>
</kw>
<status status="PASS" starttime="20200305 13:05:25.647" endtime="20200305 13:05:26.689"></status>
</kw>
<status status="PASS" starttime="20200305 13:05:19.438" endtime="20200305 13:05:26.689"></status>
</kw>
<kw name="Select Product from Search Results" library="Amazon">
<kw name="Click Product link" library="SearchResults">
<kw name="Click Element" library="SeleniumLibrary">
<doc>Click element identified by ``locator``.</doc>
<arguments>
<arg>xpath=//span[contains(text(),'RASTAR Ferrari Remote Control Car, 1/24 Scale Ferr')]</arg>
</arguments>
<msg timestamp="20200305 13:05:26.691" level="INFO">Clicking element 'xpath=//span[contains(text(),'RASTAR Ferrari Remote Control Car, 1/24 Scale Ferr')]'.</msg>
<status status="PASS" starttime="20200305 13:05:26.690" endtime="20200305 13:05:31.450"></status>
</kw>
<status status="PASS" starttime="20200305 13:05:26.690" endtime="20200305 13:05:31.450"></status>
</kw>
<kw name="Verify Page Loaded" library="Product">
<kw name="Wait Until Page Contains" library="SeleniumLibrary">
<doc>Waits until ``text`` appears on current page.</doc>
<arguments>
<arg>Back to results</arg>
</arguments>
<status status="PASS" starttime="20200305 13:05:31.451" endtime="20200305 13:05:31.550"></status>
</kw>
<kw name="Sleep" library="BuiltIn">
<doc>Pauses the test executed for the given time.</doc>
<arguments>
<arg>1s</arg>
</arguments>
<msg timestamp="20200305 13:05:32.553" level="INFO">Slept 1 second</msg>
<status status="PASS" starttime="20200305 13:05:31.552" endtime="20200305 13:05:32.553"></status>
</kw>
<status status="PASS" starttime="20200305 13:05:31.450" endtime="20200305 13:05:32.553"></status>
</kw>
<status status="PASS" starttime="20200305 13:05:26.689" endtime="20200305 13:05:32.553"></status>
</kw>
<kw name="Add Product to Cart" library="Amazon">
<kw name="Add to Cart" library="Product">
<kw name="Click Button" library="SeleniumLibrary">
<doc>Clicks button identified by ``locator``.</doc>
<arguments>
<arg>id=add-to-cart-button</arg>
</arguments>
<msg timestamp="20200305 13:05:32.555" level="INFO">Clicking button 'id=add-to-cart-button'.</msg>
<status status="PASS" starttime="20200305 13:05:32.555" endtime="20200305 13:05:33.641"></status>
</kw>
<status status="PASS" starttime="20200305 13:05:32.554" endtime="20200305 13:05:33.641"></status>
</kw>
<kw name="Verify Product Added" library="Cart">
<kw name="Wait Until Page Contains Element" library="SeleniumLibrary">
<doc>Waits until element ``locator`` appears on current page.</doc>
<arguments>
<arg>id=hlb-ptc-btn-native</arg>
</arguments>
<status status="PASS" starttime="20200305 13:05:33.642" endtime="20200305 13:05:33.766"></status>
</kw>
<status status="PASS" starttime="20200305 13:05:33.642" endtime="20200305 13:05:33.767"></status>
</kw>
<status status="PASS" starttime="20200305 13:05:32.554" endtime="20200305 13:05:33.767"></status>
</kw>
<kw name="Begin Checkout" library="Amazon">
<kw name="Proceed to Checkout" library="Cart">
<kw name="Click Element" library="SeleniumLibrary">
<doc>Click element identified by ``locator``.</doc>
<arguments>
<arg>xpath=//a[@id='hlb-ptc-btn-native']</arg>
</arguments>
<msg timestamp="20200305 13:05:33.769" level="INFO">Clicking element 'xpath=//a[@id='hlb-ptc-btn-native']'.</msg>
<status status="PASS" starttime="20200305 13:05:33.768" endtime="20200305 13:05:34.104"></status>
</kw>
<kw name="Sleep" library="BuiltIn">
<doc>Pauses the test executed for the given time.</doc>
<arguments>
<arg>1s</arg>
</arguments>
<msg timestamp="20200305 13:05:35.106" level="INFO">Slept 1 second</msg>
<status status="PASS" starttime="20200305 13:05:34.105" endtime="20200305 13:05:35.106"></status>
</kw>
<kw name="Click Button" library="SeleniumLibrary">
<doc>Clicks button identified by ``locator``.</doc>
<arguments>
<arg>xpath=//button[@id='siNoCoverage-announce']</arg>
</arguments>
<msg timestamp="20200305 13:05:35.108" level="INFO">Clicking button 'xpath=//button[@id='siNoCoverage-announce']'.</msg>
<status status="PASS" starttime="20200305 13:05:35.107" endtime="20200305 13:05:35.768"></status>
</kw>
<kw name="Sleep" library="BuiltIn">
<doc>Pauses the test executed for the given time.</doc>
<arguments>
<arg>1s</arg>
</arguments>
<msg timestamp="20200305 13:05:36.770" level="INFO"SSlept 1 second</msg>
<status status="PASS" starttime="20200305 13:05:35.768" endtime="20200305 13:05:36.770"></status>
</kw>
<status status="PASS" starttime="20200305 13:05:33.768" endtime="20200305 13:05:36.770"></status>
</kw>
<kw name="Verify Page Loaded" library="SignIn">
<kw name="Sleep" library="BuiltIn">
<doc>Pauses the test executed for the given time.</doc>
<arguments>
<arg>1s</arg>
</arguments>
<msg timestamp="20200305 13:05:37.771" level="INFO">Slept 1 second</msg>
<status status="PASS" starttime="20200305 13:05:36.771" endtime="20200305 13:05:37.771"></status>
</kw>
<kw name="Page Should Contain Element" library="SeleniumLibrary">
<doc>Verifies that element ``locator`` is found on the current page.</doc>
<arguments>
<arg>xpath=//a[@id='createAccountSubmit']</arg>
</arguments>
<msg timestamp="20200305 13:05:37.822" level="INFO">Current page contains element 'xpath=//a[@id='createAccountSubmit']'.</msg>
<status status="PASS" starttime="20200305 13:05:37.771" endtime="20200305 13:05:37.822"></status>
</kw>
<status status="PASS" starttime="20200305 13:05:36.771" endtime="20200305 13:05:37.822"></status>
</kw>
<status status="PASS" starttime="20200305 13:05:33.767" endtime="20200305 13:05:37.823"></status>
</kw>
<kw name="End Web Test" library="Common" type="teardown">
<kw name="Close Browser" library="SeleniumLibrary">
<doc>Closes the current browser.</doc>
<status status="PASS" starttime="20200305 13:05:37.823" endtime="20200305 13:05:49.203"></status>
</kw>
<status status="PASS" starttime="20200305 13:05:37.823" endtime="20200305 13:05:49.203"></status>
</kw>
<tags>
<tag>Smoke</tag>
</tags>
<status status="PASS" starttime="20200305 13:05:13.571" endtime="20200305 13:05:49.203" critical="yes"></status>
</test>
<status status="PASS" starttime="20200305 13:05:13.367" endtime="20200305 13:05:49.203"></status>
</suite>
<statistics>
<total>
<stat pass="1" fail="0">Critical Tests</stat>
<stat pass="1" fail="0">All Tests</stat>
</total>
<tag>
<stat pass="1" fail="0">Smoke</stat>
</tag>
<suite>
<stat pass="1" fail="0" id="s1" name="Test">Test</stat>
</suite>
</statistics>
<errors>
</errors>
</robot>
