<?xml version="1.0" encoding="UTF-8"?>
<robot generator="Robot 3.1.2 (Python 3.8.1 on win32)" generated="20200311 15:15:04.363" rpa="false">
<suite id="s1" name="Test" source="C:\Users\cristian.diaconu\PycharmProjects\FirstRobotFramework\tests\test.robot">
<test id="s1-t1" name="User must sign in to checkout">
<kw name="Begin Web Test" library="Common" type="setup">
<kw name="Open Browser" library="SeleniumLibrary">
<doc>Opens a new browser instance to the given ``url``.</doc>
<arguments>
<arg>about:blank</arg>
<arg>${BROWSER}</arg>
</arguments>
<msg timestamp="20200311 15:15:04.656" level="INFO">Opening browser 'firefox' to base url 'about:blank'.</msg>
<status status="PASS" starttime="20200311 15:15:04.655" endtime="20200311 15:15:10.499"></status>
</kw>
<status status="PASS" starttime="20200311 15:15:04.655" endtime="20200311 15:15:10.499"></status>
</kw>
<kw name="Set Variable" library="BuiltIn">
<doc>Returns the given values which can then be assigned to a variables.</doc>
<arguments>
<arg>http://www.google.com</arg>
</arguments>
<assign>
<var>${URL}</var>
</assign>
<msg timestamp="20200311 15:15:10.500" level="INFO">${URL} = http://www.google.com</msg>
<status status="PASS" starttime="20200311 15:15:10.499" endtime="20200311 15:15:10.500"></status>
</kw>
<kw name="Search for Products" library="Amazon">
<kw name="Load" library="LandingPage">
<kw name="Go To" library="SeleniumLibrary">
<doc>Navigates the active browser instance to the provided ``url``.</doc>
<arguments>
<arg>${URL}</arg>
</arguments>
<msg timestamp="20200311 15:15:10.501" level="FAIL">Variable '${URL}' not found.</msg>
<status status="FAIL" starttime="20200311 15:15:10.500" endtime="20200311 15:15:10.501"></status>
</kw>
<status status="FAIL" starttime="20200311 15:15:10.500" endtime="20200311 15:15:10.501"></status>
</kw>
<status status="FAIL" starttime="20200311 15:15:10.500" endtime="20200311 15:15:10.501"></status>
</kw>
<kw name="End Web Test" library="Common" type="teardown">
<kw name="Close Browser" library="SeleniumLibrary">
<doc>Closes the current browser.</doc>
<status status="PASS" starttime="20200311 15:15:10.502" endtime="20200311 15:15:11.210"></status>
</kw>
<status status="PASS" starttime="20200311 15:15:10.501" endtime="20200311 15:15:11.211"></status>
</kw>
<tags>
<tag>Smoke</tag>
</tags>
<status status="FAIL" starttime="20200311 15:15:04.654" endtime="20200311 15:15:11.211" critical="yes">Variable '${URL}' not found.</status>
</test>
<status status="FAIL" starttime="20200311 15:15:04.365" endtime="20200311 15:15:11.212"></status>
</suite>
<statistics>
<total>
<stat pass="0" fail="1">Critical Tests</stat>
<stat pass="0" fail="1">All Tests</stat>
</total>
<tag>
<stat pass="0" fail="1">Smoke</stat>
</tag>
<suite>
<stat pass="0" fail="1" id="s1" name="Test">Test</stat>
</suite>
</statistics>
<errors>
<msg timestamp="20200311 15:15:04.637" level="ERROR">Error in file 'C:\Users\cristian.diaconu\PycharmProjects\FirstRobotFramework\Resources\PO\LandingPage.robot': Resource file '..\Resources\Variables.robot' does not exist.</msg>
<msg timestamp="20200311 15:15:04.640" level="ERROR">Error in file 'C:\Users\cristian.diaconu\PycharmProjects\FirstRobotFramework\Resources\PO\Cart.robot': Resource file '..\Resources\Variables.robot' does not exist.</msg>
<msg timestamp="20200311 15:15:04.643" level="ERROR">Error in file 'C:\Users\cristian.diaconu\PycharmProjects\FirstRobotFramework\Resources\PO\Product.robot': Resource file '..\Resources\Variables.robot' does not exist.</msg>
<msg timestamp="20200311 15:15:04.645" level="ERROR">Error in file 'C:\Users\cristian.diaconu\PycharmProjects\FirstRobotFramework\Resources\PO\SearchResults.robot': Resource file '..\Resources\Variables.robot' does not exist.</msg>
<msg timestamp="20200311 15:15:04.649" level="ERROR">Error in file 'C:\Users\cristian.diaconu\PycharmProjects\FirstRobotFramework\Resources\PO\SignIn.robot': Resource file '..\Resources\Variables.robot' does not exist.</msg>
<msg timestamp="20200311 15:15:04.651" level="ERROR">Error in file 'C:\Users\cristian.diaconu\PycharmProjects\FirstRobotFramework\Resources\PO\TopNav.robot': Resource file '..\Resources\Variables.robot' does not exist.</msg>
</errors>
</robot>
