<?xml version="1.0" encoding="UTF-8"?>
<robot generator="Robot 3.1.2 (Python 3.8.1 on win32)" generated="20200312 14:42:00.700" rpa="false">
<suite id="s1" name="Test" source="C:\Users\cristian.diaconu\PycharmProjects\FirstRobotFramework\tests\test.robot">
<test id="s1-t1" name="User must sign in to checkout">
<kw name="Begin Web Test" library="Common" type="setup">
<kw name="Open Browser" library="SeleniumLibrary">
<doc>Opens a new browser instance to the given ``url``.</doc>
<arguments>
<arg>about:blank</arg>
<arg>${BROWSER}</arg>
</arguments>
<msg timestamp="20200312 14:42:00.915" level="INFO">Opening browser 'firefox' to base url 'about:blank'.</msg>
<status status="PASS" starttime="20200312 14:42:00.914" endtime="20200312 14:42:06.138"></status>
</kw>
<status status="PASS" starttime="20200312 14:42:00.914" endtime="20200312 14:42:06.138"></status>
</kw>
<kw name="Search for Products" library="Amazon">
<kw name="Load" library="LandingPage">
<kw name="Go To" library="SeleniumLibrary">
<doc>Navigates the active browser instance to the provided ``url``.</doc>
<arguments>
<arg>${URL}</arg>
</arguments>
<msg timestamp="20200312 14:42:06.138" level="INFO">Opening url 'http://www.amazon.com'</msg>
<status status="PASS" starttime="20200312 14:42:06.138" endtime="20200312 14:42:08.381"></status>
</kw>
<kw name="Maximize Browser Window" library="SeleniumLibrary">
<doc>Maximizes current browser window.</doc>
<status status="PASS" starttime="20200312 14:42:08.382" endtime="20200312 14:42:08.397"></status>
</kw>
<status status="PASS" starttime="20200312 14:42:06.138" endtime="20200312 14:42:08.398"></status>
</kw>
<kw name="Verify Page Loaded" library="LandingPage">
<kw name="Wait Until Page Contains" library="SeleniumLibrary">
<doc>Waits until ``text`` appears on current page.</doc>
<arguments>
<arg>Your Amazon.com</arg>
</arguments>
<status status="PASS" starttime="20200312 14:42:08.399" endtime="20200312 14:42:08.674"></status>
</kw>
<status status="PASS" starttime="20200312 14:42:08.398" endtime="20200312 14:42:08.674"></status>
</kw>
<kw name="Search for Products" library="TopNav">
<kw name="Input Text" library="SeleniumLibrary">
<doc>Types the given ``text`` into text field identified by ``locator``.</doc>
<arguments>
<arg>id=twotabsearchtextbox</arg>
<arg>${SEARCH_TERM}</arg>
</arguments>
<msg timestamp="20200312 14:42:08.676" level="INFO">Typing text 'Ferrari 458' into text field 'id=twotabsearchtextbox'.</msg>
<status status="PASS" starttime="20200312 14:42:08.676" endtime="20200312 14:42:09.293"></status>
</kw>
<kw name="Click Button" library="SeleniumLibrary">
<doc>Clicks button identified by ``locator``.</doc>
<arguments>
<arg>xpath=//div[@class='nav-search-submit nav-sprite']//input[@class='nav-input']</arg>
</arguments>
<msg timestamp="20200312 14:42:09.293" level="INFO">Clicking button 'xpath=//div[@class='nav-search-submit nav-sprite']//input[@class='nav-input']'.</msg>
<status status="PASS" starttime="20200312 14:42:09.293" endtime="20200312 14:42:13.952"></status>
</kw>
<status status="PASS" starttime="20200312 14:42:08.675" endtime="20200312 14:42:13.954"></status>
</kw>
<kw name="Verify Search Completed" library="SearchResults">
<kw name="Wait Until Page Contains" library="SeleniumLibrary">
<doc>Waits until ``text`` appears on current page.</doc>
<arguments>
<arg>results for "${SEARCH_TERM}"</arg>
</arguments>
<status status="PASS" starttime="20200312 14:42:13.954" endtime="20200312 14:42:13.994"></status>
</kw>
<kw name="Sleep" library="BuiltIn">
<doc>Pauses the test executed for the given time.</doc>
<arguments>
<arg>1s</arg>
</arguments>
<msg timestamp="20200312 14:42:14.996" level="INFO">Slept 1 second</msg>
<status status="PASS" starttime="20200312 14:42:13.994" endtime="20200312 14:42:14.996"></status>
</kw>
<status status="PASS" starttime="20200312 14:42:13.954" endtime="20200312 14:42:14.996"></status>
</kw>
<status status="PASS" starttime="20200312 14:42:06.138" endtime="20200312 14:42:14.996"></status>
</kw>
<kw name="Select Product from Search Results" library="Amazon">
<kw name="Click Product link" library="SearchResults">
<kw name="Click Element" library="SeleniumLibrary">
<doc>Click element identified by ``locator``.</doc>
<arguments>
<arg>xpath=//span[contains(text(),'RASTAR Ferrari Remote Control Car, 1/24 Scale Ferr')]</arg>
</arguments>
<msg timestamp="20200312 14:42:14.997" level="INFO">Clicking element 'xpath=//span[contains(text(),'RASTAR Ferrari Remote Control Car, 1/24 Scale Ferr')]'.</msg>
<status status="PASS" starttime="20200312 14:42:14.997" endtime="20200312 14:42:18.453"></status>
</kw>
<status status="PASS" starttime="20200312 14:42:14.997" endtime="20200312 14:42:18.454"></status>
</kw>
<kw name="Verify Page Loaded" library="Product">
<kw name="Wait Until Page Contains" library="SeleniumLibrary">
<doc>Waits until ``text`` appears on current page.</doc>
<arguments>
<arg>Back to results</arg>
</arguments>
<status status="PASS" starttime="20200312 14:42:18.456" endtime="20200312 14:42:18.500"></status>
</kw>
<kw name="Sleep" library="BuiltIn">
<doc>Pauses the test executed for the given time.</doc>
<arguments>
<arg>1s</arg>
</arguments>
<msg timestamp="20200312 14:42:19.501" level="INFO">Slept 1 second</msg>
<status status="PASS" starttime="20200312 14:42:18.500" endtime="20200312 14:42:19.501"></status>
</kw>
<status status="PASS" starttime="20200312 14:42:18.454" endtime="20200312 14:42:19.501"></status>
</kw>
<status status="PASS" starttime="20200312 14:42:14.996" endtime="20200312 14:42:19.501"></status>
</kw>
<kw name="Add Product to Cart" library="Amazon">
<kw name="Add to Cart" library="Product">
<kw name="Click Button" library="SeleniumLibrary">
<doc>Clicks button identified by ``locator``.</doc>
<arguments>
<arg>id=add-to-cart-button</arg>
</arguments>
<msg timestamp="20200312 14:42:19.503" level="INFO">Clicking button 'id=add-to-cart-button'.</msg>
<status status="PASS" starttime="20200312 14:42:19.503" endtime="20200312 14:42:20.619"></status>
</kw>
<status status="PASS" starttime="20200312 14:42:19.503" endtime="20200312 14:42:20.619"></status>
</kw>
<kw name="Verify Product Added" library="Cart">
<kw name="Wait Until Page Contains Element" library="SeleniumLibrary">
<doc>Waits until element ``locator`` appears on current page.</doc>
<arguments>
<arg>id=hlb-ptc-btn-native</arg>
</arguments>
<status status="PASS" starttime="20200312 14:42:20.620" endtime="20200312 14:42:20.685"></status>
</kw>
<status status="PASS" starttime="20200312 14:42:20.620" endtime="20200312 14:42:20.685"></status>
</kw>
<status status="PASS" starttime="20200312 14:42:19.502" endtime="20200312 14:42:20.685"></status>
</kw>
<kw name="Begin Checkout" library="Amazon">
<kw name="Proceed to Checkout" library="Cart">
<kw name="Click Element" library="SeleniumLibrary">
<doc>Click element identified by ``locator``.</doc>
<arguments>
<arg>xpath=//a[@id='hlb-ptc-btn-native']</arg>
</arguments>
<msg timestamp="20200312 14:42:20.686" level="INFO">Clicking element 'xpath=//a[@id='hlb-ptc-btn-native']'.</msg>
<status status="PASS" starttime="20200312 14:42:20.686" endtime="20200312 14:42:21.126"></status>
</kw>
<kw name="Sleep" library="BuiltIn">
<doc>Pauses the test executed for the given time.</doc>
<arguments>
<arg>2s</arg>
</arguments>
<msg timestamp="20200312 14:42:23.126" level="INFO">Slept 2 seconds</msg>
<status status="PASS" starttime="20200312 14:42:21.126" endtime="20200312 14:42:23.126"></status>
</kw>
<kw name="Click Element" library="SeleniumLibrary">
<doc>Click element identified by ``locator``.</doc>
<arguments>
<arg>xpath=//*[@id="siNoCoverage-announce"]</arg>
</arguments>
<msg timestamp="20200312 14:42:23.126" level="INFO">Clicking element 'xpath=//*[@id="siNoCoverage-announce"]'.</msg>
<status status="PASS" starttime="20200312 14:42:23.126" endtime="20200312 14:42:23.774"></status>
</kw>
<kw name="Sleep" library="BuiltIn">
<doc>Pauses the test executed for the given time.</doc>
<arguments>
<arg>1s</arg>
</arguments>
<msg timestamp="20200312 14:42:24.777" level="INFO">Slept 1 second</msg>
<status status="PASS" starttime="20200312 14:42:23.774" endtime="20200312 14:42:24.778"></status>
</kw>
<status status="PASS" starttime="20200312 14:42:20.686" endtime="20200312 14:42:24.778"></status>
</kw>
<kw name="Verify Page Loaded" library="SignIn">
<kw name="Sleep" library="BuiltIn">
<doc>Pauses the test executed for the given time.</doc>
<arguments>
<arg>1s</arg>
</arguments>
<msg timestamp="20200312 14:42:25.780" level="INFO">Slept 1 second</msg>
<status status="PASS" starttime="20200312 14:42:24.779" endtime="20200312 14:42:25.781"></status>
</kw>
<kw name="Page Should Contain Element" library="SeleniumLibrary">
<doc>Verifies that element ``locator`` is found on the current page.</doc>
<arguments>
<arg>xpath=//a[@id='createAccountSubmit']</arg>
</arguments>
<msg timestamp="20200312 14:42:25.808" level="INFO">Current page contains element 'xpath=//a[@id='createAccountSubmit']'.</msg>
<status status="PASS" starttime="20200312 14:42:25.782" endtime="20200312 14:42:25.808"></status>
</kw>
<status status="PASS" starttime="20200312 14:42:24.779" endtime="20200312 14:42:25.808"></status>
</kw>
<status status="PASS" starttime="20200312 14:42:20.685" endtime="20200312 14:42:25.809"></status>
</kw>
<kw name="End Web Test" library="Common" type="teardown">
<kw name="Close Browser" library="SeleniumLibrary">
<doc>Closes the current browser.</doc>
<status status="PASS" starttime="20200312 14:42:25.811" endtime="20200312 14:42:27.300"></status>
</kw>
<status status="PASS" starttime="20200312 14:42:25.810" endtime="20200312 14:42:27.300"></status>
</kw>
<tags>
<tag>Smoke</tag>
</tags>
<status status="PASS" starttime="20200312 14:42:00.914" endtime="20200312 14:42:27.300" critical="yes"></status>
</test>
<status status="PASS" starttime="20200312 14:42:00.701" endtime="20200312 14:42:27.301"></status>
</suite>
<statistics>
<total>
<stat pass="1" fail="0">Critical Tests</stat>
<stat pass="1" fail="0">All Tests</stat>
</total>
<tag>
<stat pass="1" fail="0">Smoke</stat>
</tag>
<suite>
<stat pass="1" fail="0" id="s1" name="Test">Test</stat>
</suite>
</statistics>
<errors>
</errors>
</robot>
