<?xml version="1.0" encoding="UTF-8"?>
<robot generator="Robot 3.1.2 (Python 3.8.1 on win32)" generated="20200304 11:07:05.951" rpa="false">
<suite id="s1" name="Test" source="C:\Users\cristian.diaconu\PycharmProjects\FirstRobotFramework\tests\test.robot">
<test id="s1-t1" name="SecondTest">
<kw name="Open Browser" library="SeleniumLibrary">
<doc>Opens a new browser instance to the given ``url``.</doc>
<arguments>
<arg>http://www.amazon.com</arg>
<arg>chrome</arg>
</arguments>
<msg timestamp="20200304 11:07:06.149" level="INFO">Opening browser 'chrome' to base url 'http://www.amazon.com'.</msg>
<status status="PASS" starttime="20200304 11:07:06.149" endtime="20200304 11:07:11.732"></status>
</kw>
<kw name="Maximize Browser Window" library="SeleniumLibrary">
<doc>Maximizes current browser window.</doc>
<status status="PASS" starttime="20200304 11:07:11.732" endtime="20200304 11:07:12.886"></status>
</kw>
<kw name="Wait Until Page Contains" library="SeleniumLibrary">
<doc>Waits until ``text`` appears on current page.</doc>
<arguments>
<arg>Your Amazon.com</arg>
</arguments>
<status status="PASS" starttime="20200304 11:07:12.886" endtime="20200304 11:07:12.946"></status>
</kw>
<kw name="Input Text" library="SeleniumLibrary">
<doc>Types the given ``text`` into text field identified by ``locator``.</doc>
<arguments>
<arg>id=twotabsearchtextbox</arg>
<arg>Ferrari 458</arg>
</arguments>
<msg timestamp="20200304 11:07:12.948" level="INFO">Typing text 'Ferrari 458' into text field 'id=twotabsearchtextbox'.</msg>
<status status="PASS" starttime="20200304 11:07:12.948" endtime="20200304 11:07:13.199"></status>
</kw>
<kw name="Click Button" library="SeleniumLibrary">
<doc>Clicks button identified by ``locator``.</doc>
<arguments>
<arg>xpath=//div[@class='nav-search-submit nav-sprite']//input[@class='nav-input']</arg>
</arguments>
<msg timestamp="20200304 11:07:13.199" level="INFO">Clicking button 'xpath=//div[@class='nav-search-submit nav-sprite']//input[@class='nav-input']'.</msg>
<status status="PASS" starttime="20200304 11:07:13.199" endtime="20200304 11:07:15.037"></status>
</kw>
<kw name="Wait Until Page Contains" library="SeleniumLibrary">
<doc>Waits until ``text`` appears on current page.</doc>
<arguments>
<arg>results for "Ferrari 458"</arg>
</arguments>
<status status="PASS" starttime="20200304 11:07:15.038" endtime="20200304 11:07:15.089"></status>
</kw>
<kw name="Click Element" library="SeleniumLibrary">
<doc>Click element identified by ``locator``.</doc>
<arguments>
<arg>xpath=//span[contains(text(),'RASTAR Ferrari Remote Control Car, 1/24 Scale Ferr')]</arg>
</arguments>
<msg timestamp="20200304 11:07:15.090" level="INFO">Clicking element 'xpath=//span[contains(text(),'RASTAR Ferrari Remote Control Car, 1/24 Scale Ferr')]'.</msg>
<status status="PASS" starttime="20200304 11:07:15.089" endtime="20200304 11:07:18.519"></status>
</kw>
<kw name="Wait Until Page Contains" library="SeleniumLibrary">
<doc>Waits until ``text`` appears on current page.</doc>
<arguments>
<arg>Back to results</arg>
</arguments>
<status status="PASS" starttime="20200304 11:07:18.528" endtime="20200304 11:07:18.758"></status>
</kw>
<kw name="Click Button" library="SeleniumLibrary">
<doc>Clicks button identified by ``locator``.</doc>
<arguments>
<arg>id=add-to-cart-button</arg>
</arguments>
<msg timestamp="20200304 11:07:18.759" level="INFO">Clicking button 'id=add-to-cart-button'.</msg>
<status status="PASS" starttime="20200304 11:07:18.758" endtime="20200304 11:07:19.352"></status>
</kw>
<kw name="Wait Until Page Contains Element" library="SeleniumLibrary">
<doc>Waits until element ``locator`` appears on current page.</doc>
<arguments>
<arg>id=hlb-ptc-btn-native</arg>
</arguments>
<status status="PASS" starttime="20200304 11:07:19.353" endtime="20200304 11:07:19.603"></status>
</kw>
<kw name="Click Element" library="SeleniumLibrary">
<doc>Click element identified by ``locator``.</doc>
<arguments>
<arg>xpath=//a[@id='hlb-ptc-btn-native']</arg>
</arguments>
<msg timestamp="20200304 11:07:19.604" level="INFO">Clicking element 'xpath=//a[@id='hlb-ptc-btn-native']'.</msg>
<status status="PASS" starttime="20200304 11:07:19.603" endtime="20200304 11:07:19.908"></status>
</kw>
<kw name="Sleep" library="BuiltIn">
<doc>Pauses the test executed for the given time.</doc>
<arguments>
<arg>1s</arg>
</arguments>
<msg timestamp="20200304 11:07:20.908" level="INFO">Slept 1 second</msg>
<status status="PASS" starttime="20200304 11:07:19.908" endtime="20200304 11:07:20.908"></status>
</kw>
<kw name="Click Button" library="SeleniumLibrary">
<doc>Clicks button identified by ``locator``.</doc>
<arguments>
<arg>xpath=//button[@id='siNoCoverage-announce']</arg>
</arguments>
<msg timestamp="20200304 11:07:20.909" level="INFO">Clicking button 'xpath=//button[@id='siNoCoverage-announce']'.</msg>
<kw name="Capture Page Screenshot" library="SeleniumLibrary">
<doc>Takes screenshot of the current page and embeds it into log file.</doc>
<msg timestamp="20200304 11:07:21.260" level="INFO" html="yes">&lt;/td&gt;&lt;/tr&gt;&lt;tr&gt;&lt;td colspan="3"&gt;&lt;a href="selenium-screenshot-1.png"&gt;&lt;img src="selenium-screenshot-1.png" width="800px"&gt;&lt;/a&gt;</msg>
<status status="PASS" starttime="20200304 11:07:20.944" endtime="20200304 11:07:21.260"></status>
</kw>
<msg timestamp="20200304 11:07:21.269" level="FAIL">Button with locator 'xpath=//button[@id='siNoCoverage-announce']' not found.</msg>
<status status="FAIL" starttime="20200304 11:07:20.909" endtime="20200304 11:07:21.269"></status>
</kw>
<status status="FAIL" starttime="20200304 11:07:06.148" endtime="20200304 11:07:21.270" critical="yes">Button with locator 'xpath=//button[@id='siNoCoverage-announce']' not found.</status>
</test>
<doc>Suite description</doc>
<status status="FAIL" starttime="20200304 11:07:05.953" endtime="20200304 11:07:21.271"></status>
</suite>
<statistics>
<total>
<stat pass="0" fail="1">Critical Tests</stat>
<stat pass="0" fail="1">All Tests</stat>
</total>
<tag>
</tag>
<suite>
<stat pass="0" fail="1" id="s1" name="Test">Test</stat>
</suite>
</statistics>
<errors>
</errors>
</robot>
