<?xml version="1.0" encoding="UTF-8"?>
<robot generator="Robot 3.1.2 (Python 3.8.1 on win32)" generated="20200305 11:36:06.467" rpa="false">
<suite id="s1" name="Test" source="C:\Users\cristian.diaconu\PycharmProjects\FirstRobotFramework\tests\test.robot">
<test id="s1-t1" name="User must sign in to checkout">
<kw name="Begin Web Test" library="Common" type="setup">
<kw name="Open Browser" library="SeleniumLibrary">
<doc>Opens a new browser instance to the given ``url``.</doc>
<arguments>
<arg>about:blank</arg>
<arg>${BROWSER}</arg>
</arguments>
<msg timestamp="20200305 11:36:06.657" level="INFO">Opening browser 'chrome' to base url 'about:blank'.</msg>
<status status="PASS" starttime="20200305 11:36:06.657" endtime="20200305 11:36:10.534"></status>
</kw>
<status status="PASS" starttime="20200305 11:36:06.657" endtime="20200305 11:36:10.534"></status>
</kw>
<kw name="Search for Products" library="Amazon">
<kw name="Load" library="LandingPage">
<kw name="Go To" library="SeleniumLibrary">
<doc>Navigates the active browser instance to the provided ``url``.</doc>
<arguments>
<arg>${URL}</arg>
</arguments>
<msg timestamp="20200305 11:36:10.535" level="INFO">Opening url 'http://www.amazon.com'</msg>
<status status="PASS" starttime="20200305 11:36:10.535" endtime="20200305 11:36:12.576"></status>
</kw>
<kw name="Maximize Browser Window" library="SeleniumLibrary">
<doc>Maximizes current browser window.</doc>
<status status="PASS" starttime="20200305 11:36:12.576" endtime="20200305 11:36:13.709"></status>
</kw>
<status status="PASS" starttime="20200305 11:36:10.534" endtime="20200305 11:36:13.709"></status>
</kw>
<kw name="Verify Page Loaded" library="LandingPage">
<kw name="Wait Until Page Contains" library="SeleniumLibrary">
<doc>Waits until ``text`` appears on current page.</doc>
<arguments>
<arg>Your Amazon.com</arg>
</arguments>
<status status="PASS" starttime="20200305 11:36:13.710" endtime="20200305 11:36:13.732"></status>
</kw>
<status status="PASS" starttime="20200305 11:36:13.710" endtime="20200305 11:36:13.732"></status>
</kw>
<kw name="Search for Products" library="TopNav">
<kw name="Input Text" library="SeleniumLibrary">
<doc>Types the given ``text`` into text field identified by ``locator``.</doc>
<arguments>
<arg>id=twotabsearchtextbox</arg>
<arg>${SEARCH_TERM}</arg>
</arguments>
<msg timestamp="20200305 11:36:13.733" level="INFO">Typing text 'Ferrari 458' into text field 'id=twotabsearchtextbox'.</msg>
<status status="PASS" starttime="20200305 11:36:13.733" endtime="20200305 11:36:13.882"></status>
</kw>
<kw name="Click Button" library="SeleniumLibrary">
<doc>Clicks button identified by ``locator``.</doc>
<arguments>
<arg>xpath=//div[@class='nav-search-submit nav-sprite']//input[@class='nav-input']</arg>
</arguments>
<msg timestamp="20200305 11:36:13.883" level="INFO">Clicking button 'xpath=//div[@class='nav-search-submit nav-sprite']//input[@class='nav-input']'.</msg>
<status status="PASS" starttime="20200305 11:36:13.882" endtime="20200305 11:36:15.458"></status>
</kw>
<status status="PASS" starttime="20200305 11:36:13.733" endtime="20200305 11:36:15.458"></status>
</kw>
<kw name="Verify Search Completed" library="SearchResults">
<kw name="Wait Until Page Contains" library="SeleniumLibrary">
<doc>Waits until ``text`` appears on current page.</doc>
<arguments>
<arg>results for "${SEARCH_TERM}"</arg>
</arguments>
<status status="PASS" starttime="20200305 11:36:15.459" endtime="20200305 11:36:15.513"></status>
</kw>
<status status="PASS" starttime="20200305 11:36:15.459" endtime="20200305 11:36:15.513"></status>
</kw>
<status status="PASS" starttime="20200305 11:36:10.534" endtime="20200305 11:36:15.513"></status>
</kw>
<kw name="Select Product from Search Results" library="Amazon">
<kw name="Click Product link" library="SearchResults">
<kw name="Click Element" library="SeleniumLibrary">
<doc>Click element identified by ``locator``.</doc>
<arguments>
<arg>xpath=//span[contains(text(),'RASTAR Ferrari Remote Control Car, 1/24 Scale Ferr')]</arg>
</arguments>
<msg timestamp="20200305 11:36:15.514" level="INFO">Clicking element 'xpath=//span[contains(text(),'RASTAR Ferrari Remote Control Car, 1/24 Scale Ferr')]'.</msg>
<status status="PASS" starttime="20200305 11:36:15.514" endtime="20200305 11:36:17.551"></status>
</kw>
<status status="PASS" starttime="20200305 11:36:15.513" endtime="20200305 11:36:17.551"></status>
</kw>
<kw name="Verify Page Loaded" library="Product">
<kw name="Wait Until Page Contains" library="SeleniumLibrary">
<doc>Waits until ``text`` appears on current page.</doc>
<arguments>
<arg>Back to results</arg>
</arguments>
<status status="PASS" starttime="20200305 11:36:17.552" endtime="20200305 11:36:17.957"></status>
</kw>
<kw name="sleep 1s">
<msg timestamp="20200305 11:36:17.961" level="FAIL">No keyword with name 'sleep 1s' found. Did you mean:
    BuiltIn.Sleep</msg>
<status status="FAIL" starttime="20200305 11:36:17.961" endtime="20200305 11:36:17.962"></status>
</kw>
<status status="FAIL" starttime="20200305 11:36:17.551" endtime="20200305 11:36:17.962"></status>
</kw>
<status status="FAIL" starttime="20200305 11:36:15.513" endtime="20200305 11:36:17.962"></status>
</kw>
<kw name="End Web Test" library="Common" type="teardown">
<kw name="Close Browser" library="SeleniumLibrary">
<doc>Closes the current browser.</doc>
<status status="PASS" starttime="20200305 11:36:17.962" endtime="20200305 11:36:20.089"></status>
</kw>
<status status="PASS" starttime="20200305 11:36:17.962" endtime="20200305 11:36:20.089"></status>
</kw>
<tags>
<tag>Smoke</tag>
</tags>
<status status="FAIL" starttime="20200305 11:36:06.656" endtime="20200305 11:36:20.089" critical="yes">No keyword with name 'sleep 1s' found. Did you mean:
    BuiltIn.Sleep</status>
</test>
<status status="FAIL" starttime="20200305 11:36:06.469" endtime="20200305 11:36:20.092"></status>
</suite>
<statistics>
<total>
<stat pass="0" fail="1">Critical Tests</stat>
<stat pass="0" fail="1">All Tests</stat>
</total>
<tag>
<stat pass="0" fail="1">Smoke</stat>
</tag>
<suite>
<stat pass="0" fail="1" id="s1" name="Test">Test</stat>
</suite>
</statistics>
<errors>
</errors>
</robot>
