<?xml version="1.0" encoding="UTF-8"?>
<robot generator="Robot 3.1.2 (Python 3.8.1 on win32)" generated="20200312 11:03:48.307" rpa="false">
<suite id="s1" name="Tests" source="C:\Users\cristian.diaconu\PycharmProjects\FirstRobotFramework\tests">
<suite id="s1-s1" name="Test" source="C:\Users\cristian.diaconu\PycharmProjects\FirstRobotFramework\tests\Test.robot">
<test id="s1-s1-t1" name="User must sign in to checkout">
<kw name="Begin Web Test" library="Common" type="setup">
<kw name="Open Browser" library="SeleniumLibrary">
<doc>Opens a new browser instance to the given ``url``.</doc>
<arguments>
<arg>about:blank</arg>
<arg>${BROWSER}</arg>
</arguments>
<msg timestamp="20200312 11:03:48.509" level="INFO">Opening browser 'chrome' to base url 'about:blank'.</msg>
<status status="PASS" starttime="20200312 11:03:48.508" endtime="20200312 11:03:50.639"></status>
</kw>
<status status="PASS" starttime="20200312 11:03:48.508" endtime="20200312 11:03:50.640"></status>
</kw>
<kw name="Search for Products" library="Amazon">
<kw name="Load" library="LandingPage">
<kw name="Go To" library="SeleniumLibrary">
<doc>Navigates the active browser instance to the provided ``url``.</doc>
<arguments>
<arg>${URL}</arg>
</arguments>
<msg timestamp="20200312 11:03:50.641" level="INFO">Opening url 'http://www.amazon.com'</msg>
<status status="PASS" starttime="20200312 11:03:50.641" endtime="20200312 11:03:52.764"></status>
</kw>
<kw name="Maximize Browser Window" library="SeleniumLibrary">
<doc>Maximizes current browser window.</doc>
<status status="PASS" starttime="20200312 11:03:52.764" endtime="20200312 11:03:53.919"></status>
</kw>
<status status="PASS" starttime="20200312 11:03:50.641" endtime="20200312 11:03:53.919"></status>
</kw>
<kw name="Verify Page Loaded" library="LandingPage">
<kw name="Wait Until Page Contains" library="SeleniumLibrary">
<doc>Waits until ``text`` appears on current page.</doc>
<arguments>
<arg>Your Amazon.com</arg>
</arguments>
<status status="PASS" starttime="20200312 11:03:53.920" endtime="20200312 11:03:53.965"></status>
</kw>
<status status="PASS" starttime="20200312 11:03:53.919" endtime="20200312 11:03:53.966"></status>
</kw>
<kw name="Search for Products" library="TopNav">
<kw name="Input Text" library="SeleniumLibrary">
<doc>Types the given ``text`` into text field identified by ``locator``.</doc>
<arguments>
<arg>id=twotabsearchtextbox</arg>
<arg>${SEARCH_TERM}</arg>
</arguments>
<msg timestamp="20200312 11:03:53.967" level="INFO">Typing text 'Ferrari 458' into text field 'id=twotabsearchtextbox'.</msg>
<status status="PASS" starttime="20200312 11:03:53.966" endtime="20200312 11:03:54.165"></status>
</kw>
<kw name="Click Button" library="SeleniumLibrary">
<doc>Clicks button identified by ``locator``.</doc>
<arguments>
<arg>xpath=//div[@class='nav-search-submit nav-sprite']//input[@class='nav-input']</arg>
</arguments>
<msg timestamp="20200312 11:03:54.165" level="INFO">Clicking button 'xpath=//div[@class='nav-search-submit nav-sprite']//input[@class='nav-input']'.</msg>
<status status="PASS" starttime="20200312 11:03:54.165" endtime="20200312 11:03:56.103"></status>
</kw>
<status status="PASS" starttime="20200312 11:03:53.966" endtime="20200312 11:03:56.103"></status>
</kw>
<kw name="Verify Search Completed" library="SearchResults">
<kw name="Wait Until Page Contains" library="SeleniumLibrary">
<doc>Waits until ``text`` appears on current page.</doc>
<arguments>
<arg>results for "${SEARCH_TERM}"</arg>
</arguments>
<status status="PASS" starttime="20200312 11:03:56.104" endtime="20200312 11:03:56.186"></status>
</kw>
<kw name="Sleep" library="BuiltIn">
<doc>Pauses the test executed for the given time.</doc>
<arguments>
<arg>1s</arg>
</arguments>
<msg timestamp="20200312 11:03:57.188" level="INFO">Slept 1 second</msg>
<status status="PASS" starttime="20200312 11:03:56.186" endtime="20200312 11:03:57.188"></status>
</kw>
<status status="PASS" starttime="20200312 11:03:56.103" endtime="20200312 11:03:57.188"></status>
</kw>
<status status="PASS" starttime="20200312 11:03:50.640" endtime="20200312 11:03:57.188"></status>
</kw>
<kw name="Select Product from Search Results" library="Amazon">
<kw name="Click Product link" library="SearchResults">
<kw name="Click Element" library="SeleniumLibrary">
<doc>Click element identified by ``locator``.</doc>
<arguments>
<arg>xpath=//span[contains(text(),'RASTAR Ferrari Remote Control Car, 1/24 Scale Ferr')]</arg>
</arguments>
<msg timestamp="20200312 11:03:57.189" level="INFO">Clicking element 'xpath=//span[contains(text(),'RASTAR Ferrari Remote Control Car, 1/24 Scale Ferr')]'.</msg>
<status status="PASS" starttime="20200312 11:03:57.189" endtime="20200312 11:03:59.356"></status>
</kw>
<status status="PASS" starttime="20200312 11:03:57.189" endtime="20200312 11:03:59.356"></status>
</kw>
<kw name="Verify Page Loaded" library="Product">
<kw name="Wait Until Page Contains" library="SeleniumLibrary">
<doc>Waits until ``text`` appears on current page.</doc>
<arguments>
<arg>Back to results</arg>
</arguments>
<status status="PASS" starttime="20200312 11:03:59.357" endtime="20200312 11:03:59.443"></status>
</kw>
<kw name="Sleep" library="BuiltIn">
<doc>Pauses the test executed for the given time.</doc>
<arguments>
<arg>1s</arg>
</arguments>
<msg timestamp="20200312 11:04:00.445" level="INFO">Slept 1 second</msg>
<status status="PASS" starttime="20200312 11:03:59.443" endtime="20200312 11:04:00.445"></status>
</kw>
<status status="PASS" starttime="20200312 11:03:59.357" endtime="20200312 11:04:00.445"></status>
</kw>
<status status="PASS" starttime="20200312 11:03:57.188" endtime="20200312 11:04:00.445"></status>
</kw>
<kw name="Add Product to Cart" library="Amazon">
<kw name="Add to Cart" library="Product">
<kw name="Click Button" library="SeleniumLibrary">
<doc>Clicks button identified by ``locator``.</doc>
<arguments>
<arg>id=add-to-cart-button</arg>
</arguments>
<msg timestamp="20200312 11:04:00.446" level="INFO">Clicking button 'id=add-to-cart-button'.</msg>
<status status="PASS" starttime="20200312 11:04:00.446" endtime="20200312 11:04:01.713"></status>
</kw>
<status status="PASS" starttime="20200312 11:04:00.446" endtime="20200312 11:04:01.713"></status>
</kw>
<kw name="Verify Product Added" library="Cart">
<kw name="Wait Until Page Contains Element" library="SeleniumLibrary">
<doc>Waits until element ``locator`` appears on current page.</doc>
<arguments>
<arg>id=hlb-ptc-btn-native</arg>
</arguments>
<status status="PASS" starttime="20200312 11:04:01.713" endtime="20200312 11:04:01.725"></status>
</kw>
<status status="PASS" starttime="20200312 11:04:01.713" endtime="20200312 11:04:01.726"></status>
</kw>
<status status="PASS" starttime="20200312 11:04:00.446" endtime="20200312 11:04:01.726"></status>
</kw>
<kw name="Begin Checkout" library="Amazon">
<kw name="Proceed to Checkout" library="Cart">
<kw name="Click Element" library="SeleniumLibrary">
<doc>Click element identified by ``locator``.</doc>
<arguments>
<arg>xpath=//a[@id='hlb-ptc-btn-native']</arg>
</arguments>
<msg timestamp="20200312 11:04:01.727" level="INFO">Clicking element 'xpath=//a[@id='hlb-ptc-btn-native']'.</msg>
<status status="PASS" starttime="20200312 11:04:01.727" endtime="20200312 11:04:01.869"></status>
</kw>
<kw name="Sleep" library="BuiltIn">
<doc>Pauses the test executed for the given time.</doc>
<arguments>
<arg>2s</arg>
</arguments>
<msg timestamp="20200312 11:04:03.872" level="INFO">Slept 2 seconds</msg>
<status status="PASS" starttime="20200312 11:04:01.869" endtime="20200312 11:04:03.872"></status>
</kw>
<kw name="Click Element" library="SeleniumLibrary">
<doc>Click element identified by ``locator``.</doc>
<arguments>
<arg>xpath=//*[@id="siNoCoverage-announce"]</arg>
</arguments>
<msg timestamp="20200312 11:04:03.873" level="INFO">Clicking element 'xpath=//*[@id="siNoCoverage-announce"]'.</msg>
<status status="PASS" starttime="20200312 11:04:03.873" endtime="20200312 11:04:04.674"></status>
</kw>
<kw name="Sleep" library="BuiltIn">
<doc>Pauses the test executed for the given time.</doc>
<arguments>
<arg>1s</arg>
</arguments>
<msg timestamp="20200312 11:04:05.676" level="INFO">Slept 1 second</msg>
<status status="PASS" starttime="20200312 11:04:04.675" endtime="20200312 11:04:05.676"></status>
</kw>
<status status="PASS" starttime="20200312 11:04:01.726" endtime="20200312 11:04:05.677"></status>
</kw>
<kw name="Verify Page Loaded" library="SignIn">
<kw name="Sleep" library="BuiltIn">
<doc>Pauses the test executed for the given time.</doc>
<arguments>
<arg>1s</arg>
</arguments>
<msg timestamp="20200312 11:04:06.680" level="INFO">Slept 1 second</msg>
<status status="PASS" starttime="20200312 11:04:05.678" endtime="20200312 11:04:06.680"></status>
</kw>
<kw name="Page Should Contain Element" library="SeleniumLibrary">
<doc>Verifies that element ``locator`` is found on the current page.</doc>
<arguments>
<arg>xpath=//a[@id='createAccountSubmit']</arg>
</arguments>
<msg timestamp="20200312 11:04:06.706" level="INFO">Current page contains element 'xpath=//a[@id='createAccountSubmit']'.</msg>
<status status="PASS" starttime="20200312 11:04:06.681" endtime="20200312 11:04:06.706"></status>
</kw>
<status status="PASS" starttime="20200312 11:04:05.677" endtime="20200312 11:04:06.706"></status>
</kw>
<status status="PASS" starttime="20200312 11:04:01.726" endtime="20200312 11:04:06.706"></status>
</kw>
<kw name="End Web Test" library="Common" type="teardown">
<kw name="Close Browser" library="SeleniumLibrary">
<doc>Closes the current browser.</doc>
<status status="PASS" starttime="20200312 11:04:06.707" endtime="20200312 11:04:08.898"></status>
</kw>
<status status="PASS" starttime="20200312 11:04:06.707" endtime="20200312 11:04:08.899"></status>
</kw>
<tags>
<tag>Smoke</tag>
</tags>
<status status="PASS" starttime="20200312 11:03:48.507" endtime="20200312 11:04:08.900" critical="yes"></status>
</test>
<status status="PASS" starttime="20200312 11:03:48.333" endtime="20200312 11:04:08.904"></status>
</suite>
<status status="PASS" starttime="20200312 11:03:48.309" endtime="20200312 11:04:08.917"></status>
</suite>
<statistics>
<total>
<stat pass="1" fail="0">Critical Tests</stat>
<stat pass="1" fail="0">All Tests</stat>
</total>
<tag>
<stat pass="1" fail="0">Smoke</stat>
</tag>
<suite>
<stat pass="1" fail="0" id="s1" name="Tests">Tests</stat>
<stat pass="1" fail="0" id="s1-s1" name="Test">Tests.Test</stat>
</suite>
</statistics>
<errors>
</errors>
</robot>
