<?xml version="1.0" encoding="UTF-8"?>
<robot generator="Robot 3.1.2 (Python 3.8.1 on win32)" generated="20200305 16:20:25.313" rpa="false">
<suite id="s1" name="Test" source="C:\Users\cristian.diaconu\PycharmProjects\FirstRobotFramework\tests\test.robot">
<test id="s1-t1" name="User must sign in to checkout">
<kw name="Begin Web Test" library="Common" type="setup">
<kw name="Open Browser" library="SeleniumLibrary">
<doc>Opens a new browser instance to the given ``url``.</doc>
<arguments>
<arg>about:blank</arg>
<arg>${BROWSER}</arg>
</arguments>
<msg timestamp="20200305 16:20:25.512" level="INFO">Opening browser 'chrome' to base url 'about:blank'.</msg>
<status status="PASS" starttime="20200305 16:20:25.512" endtime="20200305 16:20:27.655"></status>
</kw>
<status status="PASS" starttime="20200305 16:20:25.512" endtime="20200305 16:20:27.655"></status>
</kw>
<kw name="Set Variable" library="BuiltIn">
<doc>Returns the given values which can then be assigned to a variables.</doc>
<arguments>
<arg>http://www.google.com</arg>
</arguments>
<assign>
<var>${URL}</var>
</assign>
<msg timestamp="20200305 16:20:27.656" level="INFO">${URL} = http://www.google.com</msg>
<status status="PASS" starttime="20200305 16:20:27.656" endtime="20200305 16:20:27.656"></status>
</kw>
<kw name="Search for Products" library="Amazon">
<kw name="Load" library="LandingPage">
<kw name="Go To" library="SeleniumLibrary">
<doc>Navigates the active browser instance to the provided ``url``.</doc>
<arguments>
<arg>${URL}</arg>
</arguments>
<msg timestamp="20200305 16:20:27.658" level="FAIL">Variable '${URL}' not found.</msg>
<status status="FAIL" starttime="20200305 16:20:27.657" endtime="20200305 16:20:27.658"></status>
</kw>
<status status="FAIL" starttime="20200305 16:20:27.657" endtime="20200305 16:20:27.658"></status>
</kw>
<status status="FAIL" starttime="20200305 16:20:27.656" endtime="20200305 16:20:27.658"></status>
</kw>
<kw name="End Web Test" library="Common" type="teardown">
<kw name="Close Browser" library="SeleniumLibrary">
<doc>Closes the current browser.</doc>
<status status="PASS" starttime="20200305 16:20:27.659" endtime="20200305 16:20:29.786"></status>
</kw>
<status status="PASS" starttime="20200305 16:20:27.659" endtime="20200305 16:20:29.787"></status>
</kw>
<tags>
<tag>Smoke</tag>
</tags>
<status status="FAIL" starttime="20200305 16:20:25.511" endtime="20200305 16:20:29.788" critical="yes">Variable '${URL}' not found.</status>
</test>
<status status="FAIL" starttime="20200305 16:20:25.315" endtime="20200305 16:20:29.792"></status>
</suite>
<statistics>
<total>
<stat pass="0" fail="1">Critical Tests</stat>
<stat pass="0" fail="1">All Tests</stat>
</total>
<tag>
<stat pass="0" fail="1">Smoke</stat>
</tag>
<suite>
<stat pass="0" fail="1" id="s1" name="Test">Test</stat>
</suite>
</statistics>
<errors>
</errors>
</robot>
